{
  "0 debug pnpm:scope": {
    "selected": 1
  },
  "1 info pnpm": {
    "err": {
      "name": "Error",
      "message": "Command failed with ENOENT: @babel/parser\nspawn @babel/parser ENOENT",
      "code": "ENOENT",
      "stack": "Error: Command failed with ENOENT: @babel/parser\nspawn @babel/parser ENOENT\n    at Process.ChildProcess._handle.onexit (node:internal/child_process:282:19)\n    at onErrorNT (node:internal/child_process:475:16)\n    at processTicksAndRejections (node:internal/process/task_queues:83:21)"
    }
  },
  "2 error pnpm": {
    "errno": -2,
    "code": "ERR_PNPM_RECURSIVE_EXEC_FIRST_FAIL",
    "syscall": "spawn @babel/parser",
    "path": "@babel/parser",
    "spawnargs": [],
    "originalMessage": "spawn @babel/parser ENOENT",
    "shortMessage": "Command failed with ENOENT: @babel/parser\nspawn @babel/parser ENOENT",
    "command": "@babel/parser",
    "escapedCommand": "\"@babel/parser\"",
    "failed": true,
    "timedOut": false,
    "isCanceled": false,
    "killed": false,
    "prefix": "/Users/zxd/Documents/03-code/webpack-source/simple-webpack",
    "err": {
      "name": "pnpm",
      "message": "Command failed with ENOENT: @babel/parser\nspawn @babel/parser ENOENT",
      "code": "ERR_PNPM_RECURSIVE_EXEC_FIRST_FAIL",
      "stack": "Error: Command failed with ENOENT: @babel/parser\nspawn @babel/parser ENOENT\n    at Process.ChildProcess._handle.onexit (node:internal/child_process:282:19)\n    at onErrorNT (node:internal/child_process:475:16)\n    at processTicksAndRejections (node:internal/process/task_queues:83:21)"
    }
  }
}